TpTrace Verbose: 0 : 84968, 1, 2022/03/15, 00:49:41.742, 3211606210675, vstest.console.dll, Version: 16.11.0
TpTrace Information: 0 : 84968, 1, 2022/03/15, 00:49:41.752, 3211606286231, vstest.console.dll, FilePatternParser: The given file C:\Users\javier.mendoza\source\repos\public-internaltools-recruitment-be-test\SuperPanel.Testing\bin\Debug\net5.0\fine-code-coverage\build-output\SuperPanel.Testing.dll is a full path.
TpTrace Verbose: 0 : 84968, 1, 2022/03/15, 00:49:41.758, 3211606353056, vstest.console.dll, TestPluginCache.DiscoverTestExtensions: finding test extensions in assemblies ends with: RuntimeProvider.dll TPluginInfo: Microsoft.VisualStudio.TestPlatform.Common.ExtensionFramework.Utilities.TestRuntimePluginInformation TExtension: Microsoft.VisualStudio.TestPlatform.ObjectModel.Host.ITestRuntimeProvider
TpTrace Verbose: 0 : 84968, 1, 2022/03/15, 00:49:41.759, 3211606357824, vstest.console.dll, TestPluginCache.GetExtensionPaths: Filtered extension paths: 
TpTrace Verbose: 0 : 84968, 1, 2022/03/15, 00:49:41.759, 3211606358776, vstest.console.dll, TestPluginCache.GetExtensionPaths: Added default extension paths: C:\Program Files\dotnet\sdk\5.0.402\Extensions\Microsoft.Diagnostics.NETCore.Client.dll
C:\Program Files\dotnet\sdk\5.0.402\Extensions\Microsoft.TestPlatform.Extensions.BlameDataCollector.dll
C:\Program Files\dotnet\sdk\5.0.402\Extensions\Microsoft.TestPlatform.Extensions.EventLogCollector.dll
C:\Program Files\dotnet\sdk\5.0.402\Extensions\Microsoft.TestPlatform.TestHostRuntimeProvider.dll
C:\Program Files\dotnet\sdk\5.0.402\Extensions\Microsoft.VisualStudio.TestPlatform.Extensions.Html.TestLogger.dll
C:\Program Files\dotnet\sdk\5.0.402\Extensions\Microsoft.VisualStudio.TestPlatform.Extensions.Trx.TestLogger.dll
TpTrace Verbose: 0 : 84968, 1, 2022/03/15, 00:49:41.759, 3211606359180, vstest.console.dll, TestPluginCache.GetExtensionPaths: Added unfilterableExtensionPaths: 
TpTrace Information: 0 : 84968, 1, 2022/03/15, 00:49:41.760, 3211606365190, vstest.console.dll, AssemblyResolver.ctor: Creating AssemblyResolver with searchDirectories C:\Program Files\dotnet\sdk\5.0.402\Extensions,C:\Program Files\dotnet\sdk\5.0.402
TpTrace Verbose: 0 : 84968, 1, 2022/03/15, 00:49:41.761, 3211606377802, vstest.console.dll, TestPluginCache.DiscoverTestExtensions: Discovering the extensions using extension path.
TpTrace Verbose: 0 : 84968, 1, 2022/03/15, 00:49:41.761, 3211606378885, vstest.console.dll, TestPluginCache.GetExtensionPaths: Filtered extension paths: 
TpTrace Verbose: 0 : 84968, 1, 2022/03/15, 00:49:41.761, 3211606379321, vstest.console.dll, TestPluginCache.GetExtensionPaths: Added default extension paths: C:\Program Files\dotnet\sdk\5.0.402\Extensions\Microsoft.Diagnostics.NETCore.Client.dll
C:\Program Files\dotnet\sdk\5.0.402\Extensions\Microsoft.TestPlatform.Extensions.BlameDataCollector.dll
C:\Program Files\dotnet\sdk\5.0.402\Extensions\Microsoft.TestPlatform.Extensions.EventLogCollector.dll
C:\Program Files\dotnet\sdk\5.0.402\Extensions\Microsoft.TestPlatform.TestHostRuntimeProvider.dll
C:\Program Files\dotnet\sdk\5.0.402\Extensions\Microsoft.VisualStudio.TestPlatform.Extensions.Html.TestLogger.dll
C:\Program Files\dotnet\sdk\5.0.402\Extensions\Microsoft.VisualStudio.TestPlatform.Extensions.Trx.TestLogger.dll
TpTrace Verbose: 0 : 84968, 1, 2022/03/15, 00:49:41.761, 3211606379690, vstest.console.dll, TestPluginCache.GetExtensionPaths: Added unfilterableExtensionPaths: 
TpTrace Verbose: 0 : 84968, 1, 2022/03/15, 00:49:41.761, 3211606380268, vstest.console.dll, TestPluginCache.DiscoverTestExtensions: Discovering the extensions using allExtensionPaths: C:\Program Files\dotnet\sdk\5.0.402\Extensions\Microsoft.Diagnostics.NETCore.Client.dll
C:\Program Files\dotnet\sdk\5.0.402\Extensions\Microsoft.TestPlatform.Extensions.BlameDataCollector.dll
C:\Program Files\dotnet\sdk\5.0.402\Extensions\Microsoft.TestPlatform.Extensions.EventLogCollector.dll
C:\Program Files\dotnet\sdk\5.0.402\Extensions\Microsoft.TestPlatform.TestHostRuntimeProvider.dll
C:\Program Files\dotnet\sdk\5.0.402\Extensions\Microsoft.VisualStudio.TestPlatform.Extensions.Html.TestLogger.dll
C:\Program Files\dotnet\sdk\5.0.402\Extensions\Microsoft.VisualStudio.TestPlatform.Extensions.Trx.TestLogger.dll
TpTrace Information: 0 : 84968, 1, 2022/03/15, 00:49:41.761, 3211606381892, vstest.console.dll, AssemblyResolver.AddSearchDirectories: Adding more searchDirectories C:\Program Files\dotnet\sdk\5.0.402\Extensions,C:\Program Files\dotnet\sdk\5.0.402
TpTrace Information: 0 : 84968, 1, 2022/03/15, 00:49:41.761, 3211606382486, vstest.console.dll, AssemblyResolver.AddSearchDirectories: Adding more searchDirectories C:\Program Files\dotnet\sdk\5.0.402\Extensions,C:\Program Files\dotnet\sdk\5.0.402
TpTrace Information: 0 : 84968, 1, 2022/03/15, 00:49:41.761, 3211606382884, vstest.console.dll, AssemblyResolver.AddSearchDirectories: Adding more searchDirectories C:\Program Files\dotnet\sdk\5.0.402\Extensions,C:\Program Files\dotnet\sdk\5.0.402
TpTrace Information: 0 : 84968, 1, 2022/03/15, 00:49:41.761, 3211606383243, vstest.console.dll, AssemblyResolver.AddSearchDirectories: Adding more searchDirectories C:\Program Files\dotnet\sdk\5.0.402\Extensions,C:\Program Files\dotnet\sdk\5.0.402
TpTrace Information: 0 : 84968, 1, 2022/03/15, 00:49:41.761, 3211606383571, vstest.console.dll, AssemblyResolver.AddSearchDirectories: Adding more searchDirectories C:\Program Files\dotnet\sdk\5.0.402\Extensions,C:\Program Files\dotnet\sdk\5.0.402
TpTrace Information: 0 : 84968, 1, 2022/03/15, 00:49:41.761, 3211606383898, vstest.console.dll, AssemblyResolver.AddSearchDirectories: Adding more searchDirectories C:\Program Files\dotnet\sdk\5.0.402\Extensions,C:\Program Files\dotnet\sdk\5.0.402
TpTrace Information: 0 : 84968, 1, 2022/03/15, 00:49:41.762, 3211606386812, vstest.console.dll, AssemblyResolver.OnResolve: Microsoft.Diagnostics.NETCore.Client: Resolving assembly.
TpTrace Information: 0 : 84968, 1, 2022/03/15, 00:49:41.762, 3211606387396, vstest.console.dll, AssemblyResolver.OnResolve: Microsoft.Diagnostics.NETCore.Client: Searching in: 'C:\Program Files\dotnet\sdk\5.0.402\Extensions'.
TpTrace Information: 0 : 84968, 1, 2022/03/15, 00:49:41.762, 3211606394709, vstest.console.dll, AssemblyResolver.OnResolve: Microsoft.Diagnostics.NETCore.Client: Loading assembly 'C:\Program Files\dotnet\sdk\5.0.402\Extensions\Microsoft.Diagnostics.NETCore.Client.dll'.
TpTrace Information: 0 : 84968, 1, 2022/03/15, 00:49:41.763, 3211606403168, vstest.console.dll, AssemblyResolver.OnResolve: Resolved assembly: Microsoft.Diagnostics.NETCore.Client, from path: C:\Program Files\dotnet\sdk\5.0.402\Extensions\Microsoft.Diagnostics.NETCore.Client.dll
TpTrace Information: 0 : 84968, 1, 2022/03/15, 00:49:41.766, 3211606433703, vstest.console.dll, AssemblyResolver.OnResolve: Microsoft.Bcl.AsyncInterfaces: Resolving assembly.
TpTrace Information: 0 : 84968, 1, 2022/03/15, 00:49:41.766, 3211606434498, vstest.console.dll, AssemblyResolver.OnResolve: Microsoft.Bcl.AsyncInterfaces: Searching in: 'C:\Program Files\dotnet\sdk\5.0.402\Extensions'.
TpTrace Information: 0 : 84968, 1, 2022/03/15, 00:49:41.767, 3211606435310, vstest.console.dll, AssemblyResolver.OnResolve: Microsoft.Bcl.AsyncInterfaces: Assembly path does not exist: 'C:\Program Files\dotnet\sdk\5.0.402\Extensions\Microsoft.Bcl.AsyncInterfaces.dll', returning.
TpTrace Information: 0 : 84968, 1, 2022/03/15, 00:49:41.767, 3211606435981, vstest.console.dll, AssemblyResolver.OnResolve: Microsoft.Bcl.AsyncInterfaces: Assembly path does not exist: 'C:\Program Files\dotnet\sdk\5.0.402\Extensions\Microsoft.Bcl.AsyncInterfaces.exe', returning.
TpTrace Information: 0 : 84968, 1, 2022/03/15, 00:49:41.767, 3211606436349, vstest.console.dll, AssemblyResolver.OnResolve: Microsoft.Bcl.AsyncInterfaces: Searching in: 'C:\Program Files\dotnet\sdk\5.0.402'.
TpTrace Information: 0 : 84968, 1, 2022/03/15, 00:49:41.767, 3211606436971, vstest.console.dll, AssemblyResolver.OnResolve: Microsoft.Bcl.AsyncInterfaces: Assembly path does not exist: 'C:\Program Files\dotnet\sdk\5.0.402\Microsoft.Bcl.AsyncInterfaces.dll', returning.
TpTrace Information: 0 : 84968, 1, 2022/03/15, 00:49:41.767, 3211606437563, vstest.console.dll, AssemblyResolver.OnResolve: Microsoft.Bcl.AsyncInterfaces: Assembly path does not exist: 'C:\Program Files\dotnet\sdk\5.0.402\Microsoft.Bcl.AsyncInterfaces.exe', returning.
TpTrace Information: 0 : 84968, 1, 2022/03/15, 00:49:41.767, 3211606438397, vstest.console.dll, AssemblyResolver.OnResolve: Microsoft.Bcl.AsyncInterfaces: Failed to load assembly.
TpTrace Verbose: 0 : 84968, 1, 2022/03/15, 00:49:41.767, 3211606438855, vstest.console.dll, CurrentDomainAssemblyResolve: Resolving assembly 'Microsoft.Bcl.AsyncInterfaces'.
TpTrace Information: 0 : 84968, 1, 2022/03/15, 00:49:41.767, 3211606439455, vstest.console.dll, AssemblyResolver.OnResolve: Microsoft.Bcl.AsyncInterfaces: Resolving assembly.
TpTrace Information: 0 : 84968, 1, 2022/03/15, 00:49:41.767, 3211606439864, vstest.console.dll, AssemblyResolver.OnResolve: Microsoft.Bcl.AsyncInterfaces: Resolved from cache.
TpTrace Verbose: 0 : 84968, 1, 2022/03/15, 00:49:41.767, 3211606440209, vstest.console.dll, CurrentDomainAssemblyResolve: Resolving assembly 'Microsoft.Bcl.AsyncInterfaces'.
TpTrace Verbose: 0 : 84968, 1, 2022/03/15, 00:49:41.767, 3211606440751, vstest.console.dll, CurrentDomainAssemblyResolve: Failed to resolve assembly 'Microsoft.Bcl.AsyncInterfaces'.
TpTrace Verbose: 0 : 84968, 1, 2022/03/15, 00:49:41.768, 3211606451796, vstest.console.dll, CurrentDomainAssemblyResolve: Failed to resolve assembly 'Microsoft.Bcl.AsyncInterfaces'.
TpTrace Warning: 0 : 84968, 1, 2022/03/15, 00:49:41.782, 3211606591321, vstest.console.dll, TestPluginDiscoverer: Failed to get types from assembly 'Microsoft.Diagnostics.NETCore.Client, Version=0.2.2.41902, Culture=neutral, PublicKeyToken=31bf3856ad364e35'.  Skipping test extension scan for this assembly.  Error: System.Reflection.ReflectionTypeLoadException: Unable to load one or more of the requested types.
Could not load file or assembly 'Microsoft.Bcl.AsyncInterfaces, Version=1.0.0.0, Culture=neutral, PublicKeyToken=cc7b13ffcd2ddd51'. The system cannot find the file specified.
   at System.Reflection.RuntimeModule.GetTypes(RuntimeModule module)
   at System.Reflection.RuntimeModule.GetTypes()
   at System.Reflection.Assembly.GetTypes()
   at Microsoft.VisualStudio.TestPlatform.Common.ExtensionFramework.TestPluginDiscoverer.GetTestExtensionsFromAssembly[TPluginInfo,TExtension](Assembly assembly, Dictionary`2 pluginInfos)
System.IO.FileNotFoundException: Could not load file or assembly 'Microsoft.Bcl.AsyncInterfaces, Version=1.0.0.0, Culture=neutral, PublicKeyToken=cc7b13ffcd2ddd51'. The system cannot find the file specified.
File name: 'Microsoft.Bcl.AsyncInterfaces, Version=1.0.0.0, Culture=neutral, PublicKeyToken=cc7b13ffcd2ddd51'
TpTrace Warning: 0 : 84968, 1, 2022/03/15, 00:49:41.782, 3211606592348, vstest.console.dll, LoaderExceptions: System.IO.FileNotFoundException: Could not load file or assembly 'Microsoft.Bcl.AsyncInterfaces, Version=1.0.0.0, Culture=neutral, PublicKeyToken=cc7b13ffcd2ddd51'. The system cannot find the file specified.
File name: 'Microsoft.Bcl.AsyncInterfaces, Version=1.0.0.0, Culture=neutral, PublicKeyToken=cc7b13ffcd2ddd51'
TpTrace Information: 0 : 84968, 1, 2022/03/15, 00:49:41.782, 3211606593350, vstest.console.dll, AssemblyResolver.OnResolve: Microsoft.TestPlatform.Extensions.BlameDataCollector: Resolving assembly.
TpTrace Information: 0 : 84968, 1, 2022/03/15, 00:49:41.782, 3211606593764, vstest.console.dll, AssemblyResolver.OnResolve: Microsoft.TestPlatform.Extensions.BlameDataCollector: Searching in: 'C:\Program Files\dotnet\sdk\5.0.402\Extensions'.
TpTrace Information: 0 : 84968, 1, 2022/03/15, 00:49:41.783, 3211606598694, vstest.console.dll, AssemblyResolver.OnResolve: Microsoft.TestPlatform.Extensions.BlameDataCollector: Loading assembly 'C:\Program Files\dotnet\sdk\5.0.402\Extensions\Microsoft.TestPlatform.Extensions.BlameDataCollector.dll'.
TpTrace Information: 0 : 84968, 1, 2022/03/15, 00:49:41.784, 3211606605270, vstest.console.dll, AssemblyResolver.OnResolve: Resolved assembly: Microsoft.TestPlatform.Extensions.BlameDataCollector, from path: C:\Program Files\dotnet\sdk\5.0.402\Extensions\Microsoft.TestPlatform.Extensions.BlameDataCollector.dll
TpTrace Information: 0 : 84968, 1, 2022/03/15, 00:49:41.784, 3211606609991, vstest.console.dll, AssemblyResolver.OnResolve: Microsoft.TestPlatform.Extensions.EventLogCollector: Resolving assembly.
TpTrace Information: 0 : 84968, 1, 2022/03/15, 00:49:41.784, 3211606610531, vstest.console.dll, AssemblyResolver.OnResolve: Microsoft.TestPlatform.Extensions.EventLogCollector: Searching in: 'C:\Program Files\dotnet\sdk\5.0.402\Extensions'.
TpTrace Information: 0 : 84968, 1, 2022/03/15, 00:49:41.785, 3211606615223, vstest.console.dll, AssemblyResolver.OnResolve: Microsoft.TestPlatform.Extensions.EventLogCollector: Loading assembly 'C:\Program Files\dotnet\sdk\5.0.402\Extensions\Microsoft.TestPlatform.Extensions.EventLogCollector.dll'.
TpTrace Information: 0 : 84968, 1, 2022/03/15, 00:49:41.785, 3211606620694, vstest.console.dll, AssemblyResolver.OnResolve: Resolved assembly: Microsoft.TestPlatform.Extensions.EventLogCollector, from path: C:\Program Files\dotnet\sdk\5.0.402\Extensions\Microsoft.TestPlatform.Extensions.EventLogCollector.dll
TpTrace Information: 0 : 84968, 1, 2022/03/15, 00:49:41.787, 3211606641504, vstest.console.dll, AssemblyResolver.OnResolve: Microsoft.TestPlatform.TestHostRuntimeProvider: Resolving assembly.
TpTrace Information: 0 : 84968, 1, 2022/03/15, 00:49:41.787, 3211606642112, vstest.console.dll, AssemblyResolver.OnResolve: Microsoft.TestPlatform.TestHostRuntimeProvider: Searching in: 'C:\Program Files\dotnet\sdk\5.0.402\Extensions'.
TpTrace Information: 0 : 84968, 1, 2022/03/15, 00:49:41.788, 3211606646403, vstest.console.dll, AssemblyResolver.OnResolve: Microsoft.TestPlatform.TestHostRuntimeProvider: Loading assembly 'C:\Program Files\dotnet\sdk\5.0.402\Extensions\Microsoft.TestPlatform.TestHostRuntimeProvider.dll'.
TpTrace Information: 0 : 84968, 1, 2022/03/15, 00:49:41.788, 3211606651976, vstest.console.dll, AssemblyResolver.OnResolve: Resolved assembly: Microsoft.TestPlatform.TestHostRuntimeProvider, from path: C:\Program Files\dotnet\sdk\5.0.402\Extensions\Microsoft.TestPlatform.TestHostRuntimeProvider.dll
TpTrace Information: 0 : 84968, 1, 2022/03/15, 00:49:41.789, 3211606660512, vstest.console.dll, AssemblyResolver.OnResolve: Microsoft.VisualStudio.TestPlatform.Extensions.Html.TestLogger: Resolving assembly.
TpTrace Information: 0 : 84968, 1, 2022/03/15, 00:49:41.789, 3211606661047, vstest.console.dll, AssemblyResolver.OnResolve: Microsoft.VisualStudio.TestPlatform.Extensions.Html.TestLogger: Searching in: 'C:\Program Files\dotnet\sdk\5.0.402\Extensions'.
TpTrace Information: 0 : 84968, 1, 2022/03/15, 00:49:41.790, 3211606665517, vstest.console.dll, AssemblyResolver.OnResolve: Microsoft.VisualStudio.TestPlatform.Extensions.Html.TestLogger: Loading assembly 'C:\Program Files\dotnet\sdk\5.0.402\Extensions\Microsoft.VisualStudio.TestPlatform.Extensions.Html.TestLogger.dll'.
TpTrace Information: 0 : 84968, 1, 2022/03/15, 00:49:41.790, 3211606671022, vstest.console.dll, AssemblyResolver.OnResolve: Resolved assembly: Microsoft.VisualStudio.TestPlatform.Extensions.Html.TestLogger, from path: C:\Program Files\dotnet\sdk\5.0.402\Extensions\Microsoft.VisualStudio.TestPlatform.Extensions.Html.TestLogger.dll
TpTrace Information: 0 : 84968, 1, 2022/03/15, 00:49:41.790, 3211606673343, vstest.console.dll, AssemblyResolver.OnResolve: Microsoft.VisualStudio.TestPlatform.Extensions.Trx.TestLogger: Resolving assembly.
TpTrace Information: 0 : 84968, 1, 2022/03/15, 00:49:41.790, 3211606673852, vstest.console.dll, AssemblyResolver.OnResolve: Microsoft.VisualStudio.TestPlatform.Extensions.Trx.TestLogger: Searching in: 'C:\Program Files\dotnet\sdk\5.0.402\Extensions'.
TpTrace Information: 0 : 84968, 1, 2022/03/15, 00:49:41.791, 3211606678224, vstest.console.dll, AssemblyResolver.OnResolve: Microsoft.VisualStudio.TestPlatform.Extensions.Trx.TestLogger: Loading assembly 'C:\Program Files\dotnet\sdk\5.0.402\Extensions\Microsoft.VisualStudio.TestPlatform.Extensions.Trx.TestLogger.dll'.
TpTrace Information: 0 : 84968, 1, 2022/03/15, 00:49:41.791, 3211606684776, vstest.console.dll, AssemblyResolver.OnResolve: Resolved assembly: Microsoft.VisualStudio.TestPlatform.Extensions.Trx.TestLogger, from path: C:\Program Files\dotnet\sdk\5.0.402\Extensions\Microsoft.VisualStudio.TestPlatform.Extensions.Trx.TestLogger.dll
TpTrace Verbose: 0 : 84968, 1, 2022/03/15, 00:49:41.792, 3211606688744, vstest.console.dll, TestPluginCache: Discovered the extensions using extension path ''.
TpTrace Verbose: 0 : 84968, 1, 2022/03/15, 00:49:41.792, 3211606689292, vstest.console.dll, TestPluginCache: Discoverers are ''.
TpTrace Verbose: 0 : 84968, 1, 2022/03/15, 00:49:41.792, 3211606689641, vstest.console.dll, TestPluginCache: Executors are ''.
TpTrace Verbose: 0 : 84968, 1, 2022/03/15, 00:49:41.792, 3211606689952, vstest.console.dll, TestPluginCache: Executors2 are ''.
TpTrace Verbose: 0 : 84968, 1, 2022/03/15, 00:49:41.792, 3211606690253, vstest.console.dll, TestPluginCache: Setting providers are ''.
TpTrace Verbose: 0 : 84968, 1, 2022/03/15, 00:49:41.792, 3211606690692, vstest.console.dll, TestPluginCache: Loggers are ''.
TpTrace Information: 0 : 84968, 1, 2022/03/15, 00:49:41.797, 3211606735705, vstest.console.dll, RunTestsArgumentProcessor:Execute: Test run is starting.
TpTrace Verbose: 0 : 84968, 1, 2022/03/15, 00:49:41.797, 3211606736602, vstest.console.dll, RunTestsArgumentProcessor:Execute: Queuing Test run.
TpTrace Information: 0 : 84968, 1, 2022/03/15, 00:49:41.797, 3211606738003, vstest.console.dll, TestRequestManager.RunTests: run tests started.
TpTrace Information: 0 : 84968, 1, 2022/03/15, 00:49:41.812, 3211606887134, vstest.console.dll, AssemblyMetadataProvider.GetFrameWork: Determined framework:'.NETCoreApp,Version=v5.0' for source: 'C:\Users\javier.mendoza\source\repos\public-internaltools-recruitment-be-test\SuperPanel.Testing\bin\Debug\net5.0\fine-code-coverage\build-output\SuperPanel.Testing.dll'
TpTrace Information: 0 : 84968, 1, 2022/03/15, 00:49:41.812, 3211606888814, vstest.console.dll, Determined framework for all sources: .NETCoreApp,Version=v5.0
TpTrace Information: 0 : 84968, 1, 2022/03/15, 00:49:41.813, 3211606895987, vstest.console.dll, AssemblyMetadataProvider.GetArchitecture: Determined architecture:AnyCPU info for assembly: C:\Users\javier.mendoza\source\repos\public-internaltools-recruitment-be-test\SuperPanel.Testing\bin\Debug\net5.0\fine-code-coverage\build-output\SuperPanel.Testing.dll
TpTrace Information: 0 : 84968, 1, 2022/03/15, 00:49:41.814, 3211606909232, vstest.console.dll, Determined platform for all sources: X64
TpTrace Information: 0 : 84968, 1, 2022/03/15, 00:49:41.816, 3211606928395, vstest.console.dll, Compatible sources list : 
TpTrace Information: 0 : 84968, 1, 2022/03/15, 00:49:41.816, 3211606929151, vstest.console.dll, C:\Users\javier.mendoza\source\repos\public-internaltools-recruitment-be-test\SuperPanel.Testing\bin\Debug\net5.0\fine-code-coverage\build-output\SuperPanel.Testing.dll
TpTrace Information: 0 : 84968, 1, 2022/03/15, 00:49:41.817, 3211606944780, vstest.console.dll, InferRunSettingsHelper.IsTestSettingsEnabled: Unable to navigate to RunSettings/MSTest. Current node: RunSettings
TpTrace Information: 0 : 84968, 1, 2022/03/15, 00:49:41.818, 3211606949541, vstest.console.dll, AssemblyResolver.OnResolve: Microsoft.VisualStudio.TestPlatform.Fakes: Resolving assembly.
TpTrace Information: 0 : 84968, 1, 2022/03/15, 00:49:41.818, 3211606950088, vstest.console.dll, AssemblyResolver.OnResolve: Microsoft.VisualStudio.TestPlatform.Fakes: Searching in: 'C:\Program Files\dotnet\sdk\5.0.402\Extensions'.
TpTrace Information: 0 : 84968, 1, 2022/03/15, 00:49:41.818, 3211606951211, vstest.console.dll, AssemblyResolver.OnResolve: Microsoft.VisualStudio.TestPlatform.Fakes: Assembly path does not exist: 'C:\Program Files\dotnet\sdk\5.0.402\Extensions\Microsoft.VisualStudio.TestPlatform.Fakes.dll', returning.
TpTrace Information: 0 : 84968, 1, 2022/03/15, 00:49:41.818, 3211606951914, vstest.console.dll, AssemblyResolver.OnResolve: Microsoft.VisualStudio.TestPlatform.Fakes: Assembly path does not exist: 'C:\Program Files\dotnet\sdk\5.0.402\Extensions\Microsoft.VisualStudio.TestPlatform.Fakes.exe', returning.
TpTrace Information: 0 : 84968, 1, 2022/03/15, 00:49:41.818, 3211606952421, vstest.console.dll, AssemblyResolver.OnResolve: Microsoft.VisualStudio.TestPlatform.Fakes: Searching in: 'C:\Program Files\dotnet\sdk\5.0.402'.
TpTrace Information: 0 : 84968, 1, 2022/03/15, 00:49:41.818, 3211606953107, vstest.console.dll, AssemblyResolver.OnResolve: Microsoft.VisualStudio.TestPlatform.Fakes: Assembly path does not exist: 'C:\Program Files\dotnet\sdk\5.0.402\Microsoft.VisualStudio.TestPlatform.Fakes.dll', returning.
TpTrace Information: 0 : 84968, 1, 2022/03/15, 00:49:41.818, 3211606953765, vstest.console.dll, AssemblyResolver.OnResolve: Microsoft.VisualStudio.TestPlatform.Fakes: Assembly path does not exist: 'C:\Program Files\dotnet\sdk\5.0.402\Microsoft.VisualStudio.TestPlatform.Fakes.exe', returning.
TpTrace Information: 0 : 84968, 1, 2022/03/15, 00:49:41.818, 3211606954107, vstest.console.dll, AssemblyResolver.OnResolve: Microsoft.VisualStudio.TestPlatform.Fakes: Failed to load assembly.
TpTrace Information: 0 : 84968, 1, 2022/03/15, 00:49:41.819, 3211606956853, vstest.console.dll, Failed to create newly implemented Fakes Configurator. Reason:System.IO.FileNotFoundException: Could not load file or assembly 'Microsoft.VisualStudio.TestPlatform.Fakes, Version=16.0.0.0, Culture=neutral, PublicKeyToken=null'. The system cannot find the file specified.
File name: 'Microsoft.VisualStudio.TestPlatform.Fakes, Version=16.0.0.0, Culture=neutral, PublicKeyToken=null'
   at System.Reflection.RuntimeAssembly.InternalLoad(ObjectHandleOnStack assemblyName, ObjectHandleOnStack requestingAssembly, StackCrawlMarkHandle stackMark, Boolean throwOnFileNotFound, ObjectHandleOnStack assemblyLoadContext, ObjectHandleOnStack retAssembly)
   at System.Reflection.RuntimeAssembly.InternalLoad(AssemblyName assemblyName, RuntimeAssembly requestingAssembly, StackCrawlMark& stackMark, Boolean throwOnFileNotFound, AssemblyLoadContext assemblyLoadContext)
   at System.Reflection.Assembly.Load(AssemblyName assemblyRef)
   at Microsoft.VisualStudio.TestPlatform.Common.Utilities.FakesUtilities.TryGetFakesCrossPlatformDataCollectorConfigurator() 
TpTrace Verbose: 0 : 84968, 1, 2022/03/15, 00:49:41.822, 3211606985111, vstest.console.dll, TestPluginCache.DiscoverTestExtensions: finding test extensions in assemblies ends with: TestLogger.dll TPluginInfo: Microsoft.VisualStudio.TestPlatform.Common.ExtensionFramework.Utilities.TestLoggerPluginInformation TExtension: Microsoft.VisualStudio.TestPlatform.ObjectModel.Client.ITestLogger
TpTrace Verbose: 0 : 84968, 1, 2022/03/15, 00:49:41.822, 3211606985857, vstest.console.dll, TestPluginCache.GetExtensionPaths: Filtered extension paths: 
TpTrace Verbose: 0 : 84968, 1, 2022/03/15, 00:49:41.822, 3211606986249, vstest.console.dll, TestPluginCache.GetExtensionPaths: Added default extension paths: C:\Program Files\dotnet\sdk\5.0.402\Extensions\Microsoft.Diagnostics.NETCore.Client.dll
C:\Program Files\dotnet\sdk\5.0.402\Extensions\Microsoft.TestPlatform.Extensions.BlameDataCollector.dll
C:\Program Files\dotnet\sdk\5.0.402\Extensions\Microsoft.TestPlatform.Extensions.EventLogCollector.dll
C:\Program Files\dotnet\sdk\5.0.402\Extensions\Microsoft.TestPlatform.TestHostRuntimeProvider.dll
C:\Program Files\dotnet\sdk\5.0.402\Extensions\Microsoft.VisualStudio.TestPlatform.Extensions.Html.TestLogger.dll
C:\Program Files\dotnet\sdk\5.0.402\Extensions\Microsoft.VisualStudio.TestPlatform.Extensions.Trx.TestLogger.dll
TpTrace Verbose: 0 : 84968, 1, 2022/03/15, 00:49:41.822, 3211606986623, vstest.console.dll, TestPluginCache.GetExtensionPaths: Added unfilterableExtensionPaths: 
TpTrace Information: 0 : 84968, 1, 2022/03/15, 00:49:41.822, 3211606987819, vstest.console.dll, AssemblyResolver.AddSearchDirectories: Adding more searchDirectories C:\Program Files\dotnet\sdk\5.0.402\Extensions,C:\Program Files\dotnet\sdk\5.0.402
TpTrace Verbose: 0 : 84968, 1, 2022/03/15, 00:49:41.822, 3211606988310, vstest.console.dll, TestPluginCache.DiscoverTestExtensions: Discovering the extensions using extension path.
TpTrace Verbose: 0 : 84968, 1, 2022/03/15, 00:49:41.822, 3211606988678, vstest.console.dll, TestPluginCache.GetExtensionPaths: Filtered extension paths: 
TpTrace Verbose: 0 : 84968, 1, 2022/03/15, 00:49:41.822, 3211606989019, vstest.console.dll, TestPluginCache.GetExtensionPaths: Added default extension paths: C:\Program Files\dotnet\sdk\5.0.402\Extensions\Microsoft.Diagnostics.NETCore.Client.dll
C:\Program Files\dotnet\sdk\5.0.402\Extensions\Microsoft.TestPlatform.Extensions.BlameDataCollector.dll
C:\Program Files\dotnet\sdk\5.0.402\Extensions\Microsoft.TestPlatform.Extensions.EventLogCollector.dll
C:\Program Files\dotnet\sdk\5.0.402\Extensions\Microsoft.TestPlatform.TestHostRuntimeProvider.dll
C:\Program Files\dotnet\sdk\5.0.402\Extensions\Microsoft.VisualStudio.TestPlatform.Extensions.Html.TestLogger.dll
C:\Program Files\dotnet\sdk\5.0.402\Extensions\Microsoft.VisualStudio.TestPlatform.Extensions.Trx.TestLogger.dll
TpTrace Verbose: 0 : 84968, 1, 2022/03/15, 00:49:41.822, 3211606989387, vstest.console.dll, TestPluginCache.GetExtensionPaths: Added unfilterableExtensionPaths: 
TpTrace Verbose: 0 : 84968, 1, 2022/03/15, 00:49:41.822, 3211606989721, vstest.console.dll, TestPluginCache.DiscoverTestExtensions: Discovering the extensions using allExtensionPaths: C:\Program Files\dotnet\sdk\5.0.402\Extensions\Microsoft.Diagnostics.NETCore.Client.dll
C:\Program Files\dotnet\sdk\5.0.402\Extensions\Microsoft.TestPlatform.Extensions.BlameDataCollector.dll
C:\Program Files\dotnet\sdk\5.0.402\Extensions\Microsoft.TestPlatform.Extensions.EventLogCollector.dll
C:\Program Files\dotnet\sdk\5.0.402\Extensions\Microsoft.TestPlatform.TestHostRuntimeProvider.dll
C:\Program Files\dotnet\sdk\5.0.402\Extensions\Microsoft.VisualStudio.TestPlatform.Extensions.Html.TestLogger.dll
C:\Program Files\dotnet\sdk\5.0.402\Extensions\Microsoft.VisualStudio.TestPlatform.Extensions.Trx.TestLogger.dll
TpTrace Information: 0 : 84968, 1, 2022/03/15, 00:49:41.822, 3211606990308, vstest.console.dll, AssemblyResolver.AddSearchDirectories: Adding more searchDirectories C:\Program Files\dotnet\sdk\5.0.402\Extensions,C:\Program Files\dotnet\sdk\5.0.402
TpTrace Information: 0 : 84968, 1, 2022/03/15, 00:49:41.822, 3211606990666, vstest.console.dll, AssemblyResolver.AddSearchDirectories: Adding more searchDirectories C:\Program Files\dotnet\sdk\5.0.402\Extensions,C:\Program Files\dotnet\sdk\5.0.402
TpTrace Information: 0 : 84968, 1, 2022/03/15, 00:49:41.822, 3211606990991, vstest.console.dll, AssemblyResolver.AddSearchDirectories: Adding more searchDirectories C:\Program Files\dotnet\sdk\5.0.402\Extensions,C:\Program Files\dotnet\sdk\5.0.402
TpTrace Information: 0 : 84968, 1, 2022/03/15, 00:49:41.822, 3211606991344, vstest.console.dll, AssemblyResolver.AddSearchDirectories: Adding more searchDirectories C:\Program Files\dotnet\sdk\5.0.402\Extensions,C:\Program Files\dotnet\sdk\5.0.402
TpTrace Information: 0 : 84968, 1, 2022/03/15, 00:49:41.822, 3211606991678, vstest.console.dll, AssemblyResolver.AddSearchDirectories: Adding more searchDirectories C:\Program Files\dotnet\sdk\5.0.402\Extensions,C:\Program Files\dotnet\sdk\5.0.402
TpTrace Information: 0 : 84968, 1, 2022/03/15, 00:49:41.822, 3211606992003, vstest.console.dll, AssemblyResolver.AddSearchDirectories: Adding more searchDirectories C:\Program Files\dotnet\sdk\5.0.402\Extensions,C:\Program Files\dotnet\sdk\5.0.402
TpTrace Information: 0 : 84968, 1, 2022/03/15, 00:49:41.822, 3211606993852, vstest.console.dll, AssemblyResolver.OnResolve: Microsoft.Bcl.AsyncInterfaces: Resolving assembly.
TpTrace Information: 0 : 84968, 1, 2022/03/15, 00:49:41.822, 3211606994261, vstest.console.dll, AssemblyResolver.OnResolve: Microsoft.Bcl.AsyncInterfaces: Resolved from cache.
TpTrace Verbose: 0 : 84968, 1, 2022/03/15, 00:49:41.822, 3211606994601, vstest.console.dll, CurrentDomainAssemblyResolve: Resolving assembly 'Microsoft.Bcl.AsyncInterfaces'.
TpTrace Information: 0 : 84968, 1, 2022/03/15, 00:49:41.823, 3211606995120, vstest.console.dll, AssemblyResolver.OnResolve: Microsoft.Bcl.AsyncInterfaces: Resolving assembly.
TpTrace Information: 0 : 84968, 1, 2022/03/15, 00:49:41.823, 3211606995477, vstest.console.dll, AssemblyResolver.OnResolve: Microsoft.Bcl.AsyncInterfaces: Resolved from cache.
TpTrace Verbose: 0 : 84968, 1, 2022/03/15, 00:49:41.823, 3211606995886, vstest.console.dll, CurrentDomainAssemblyResolve: Resolving assembly 'Microsoft.Bcl.AsyncInterfaces'.
TpTrace Verbose: 0 : 84968, 1, 2022/03/15, 00:49:41.823, 3211606996205, vstest.console.dll, CurrentDomainAssemblyResolve: Failed to resolve assembly 'Microsoft.Bcl.AsyncInterfaces'.
TpTrace Verbose: 0 : 84968, 1, 2022/03/15, 00:49:41.823, 3211606997323, vstest.console.dll, CurrentDomainAssemblyResolve: Failed to resolve assembly 'Microsoft.Bcl.AsyncInterfaces'.
TpTrace Warning: 0 : 84968, 1, 2022/03/15, 00:49:41.823, 3211606999311, vstest.console.dll, TestPluginDiscoverer: Failed to get types from assembly 'Microsoft.Diagnostics.NETCore.Client, Version=0.2.2.41902, Culture=neutral, PublicKeyToken=31bf3856ad364e35'.  Skipping test extension scan for this assembly.  Error: System.Reflection.ReflectionTypeLoadException: Unable to load one or more of the requested types.
Could not load file or assembly 'Microsoft.Bcl.AsyncInterfaces, Version=1.0.0.0, Culture=neutral, PublicKeyToken=cc7b13ffcd2ddd51'. The system cannot find the file specified.
   at System.Reflection.RuntimeModule.GetTypes(RuntimeModule module)
   at System.Reflection.RuntimeModule.GetTypes()
   at System.Reflection.Assembly.GetTypes()
   at Microsoft.VisualStudio.TestPlatform.Common.ExtensionFramework.TestPluginDiscoverer.GetTestExtensionsFromAssembly[TPluginInfo,TExtension](Assembly assembly, Dictionary`2 pluginInfos)
System.IO.FileNotFoundException: Could not load file or assembly 'Microsoft.Bcl.AsyncInterfaces, Version=1.0.0.0, Culture=neutral, PublicKeyToken=cc7b13ffcd2ddd51'. The system cannot find the file specified.
File name: 'Microsoft.Bcl.AsyncInterfaces, Version=1.0.0.0, Culture=neutral, PublicKeyToken=cc7b13ffcd2ddd51'
TpTrace Warning: 0 : 84968, 1, 2022/03/15, 00:49:41.823, 3211606999777, vstest.console.dll, LoaderExceptions: System.IO.FileNotFoundException: Could not load file or assembly 'Microsoft.Bcl.AsyncInterfaces, Version=1.0.0.0, Culture=neutral, PublicKeyToken=cc7b13ffcd2ddd51'. The system cannot find the file specified.
File name: 'Microsoft.Bcl.AsyncInterfaces, Version=1.0.0.0, Culture=neutral, PublicKeyToken=cc7b13ffcd2ddd51'
TpTrace Verbose: 0 : 84968, 1, 2022/03/15, 00:49:41.823, 3211607002557, vstest.console.dll, TestPluginCache: Discovered the extensions using extension path ''.
TpTrace Verbose: 0 : 84968, 1, 2022/03/15, 00:49:41.823, 3211607002988, vstest.console.dll, TestPluginCache: Discoverers are ''.
TpTrace Verbose: 0 : 84968, 1, 2022/03/15, 00:49:41.823, 3211607003287, vstest.console.dll, TestPluginCache: Executors are ''.
TpTrace Verbose: 0 : 84968, 1, 2022/03/15, 00:49:41.823, 3211607003568, vstest.console.dll, TestPluginCache: Executors2 are ''.
TpTrace Verbose: 0 : 84968, 1, 2022/03/15, 00:49:41.823, 3211607003846, vstest.console.dll, TestPluginCache: Setting providers are ''.
TpTrace Verbose: 0 : 84968, 1, 2022/03/15, 00:49:41.823, 3211607004398, vstest.console.dll, TestPluginCache: Loggers are 'logger://Microsoft/TestPlatform/Extensions/Blame/v1,logger://Microsoft/TestPlatform/HtmlLogger/v1,logger://Microsoft/TestPlatform/TrxLogger/v1'.
TpTrace Information: 0 : 84968, 1, 2022/03/15, 00:49:41.824, 3211607009096, vstest.console.dll, TestPluginManager.CreateTestExtension: Attempting to load test extension: Microsoft.TestPlatform.Extensions.BlameDataCollector.BlameLogger
TpTrace Information: 0 : 84968, 1, 2022/03/15, 00:49:41.831, 3211607081735, vstest.console.dll, TestPluginManager.CreateTestExtension: Attempting to load test extension: Microsoft.VisualStudio.TestPlatform.CrossPlatEngine.Hosting.DefaultTestHostManager
TpTrace Information: 0 : 84968, 1, 2022/03/15, 00:49:41.831, 3211607084135, vstest.console.dll, TestPluginManager.CreateTestExtension: Attempting to load test extension: Microsoft.VisualStudio.TestPlatform.CrossPlatEngine.Hosting.DotnetTestHostManager
TpTrace Verbose: 0 : 84968, 1, 2022/03/15, 00:49:41.832, 3211607088488, vstest.console.dll, TestEngine: Initializing Parallel Execution as MaxCpuCount is set to: 1
TpTrace Information: 0 : 84968, 1, 2022/03/15, 00:49:41.832, 3211607092015, vstest.console.dll, InferRunSettingsHelper.IsTestSettingsEnabled: Unable to navigate to RunSettings/MSTest. Current node: RunSettings
TpTrace Verbose: 0 : 84968, 1, 2022/03/15, 00:49:41.843, 3211607201886, vstest.console.dll, TestRequestSender is acting as server
TpTrace Verbose: 0 : 84968, 4, 2022/03/15, 00:49:41.846, 3211607227884, vstest.console.dll, DataCollectionRequestSender.InitializeCommunication : Initialize communication. 
TpTrace Information: 0 : 84968, 4, 2022/03/15, 00:49:41.858, 3211607345272, vstest.console.dll, Listening on Endpoint : 127.0.0.1:57825
TpTrace Verbose: 0 : 84968, 4, 2022/03/15, 00:49:41.867, 3211607444103, vstest.console.dll, DotnetDataCollectionLauncher: Full path of dotnet.exe is C:\Program Files\dotnet\dotnet.exe
TpTrace Verbose: 0 : 84968, 4, 2022/03/15, 00:49:41.868, 3211607445523, vstest.console.dll, DotnetDataCollectionLauncher: Adding  --runtimeconfig "C:\Program Files\dotnet\sdk\5.0.402\datacollector.runtimeconfig.json" in args
TpTrace Verbose: 0 : 84968, 4, 2022/03/15, 00:49:41.868, 3211607446367, vstest.console.dll, DotnetDataCollectionLauncher: Adding  --depsfile "C:\Program Files\dotnet\sdk\5.0.402\datacollector.deps.json" in args
TpTrace Information: 0 : 84968, 4, 2022/03/15, 00:49:41.877, 3211607544875, vstest.console.dll, ProxyDataCollectionManager.Initialize: Launched datacollector processId: 54800 port: 57825
TpTrace Information: 0 : 84968, 4, 2022/03/15, 00:49:41.878, 3211607546764, vstest.console.dll, ProxyDataCollectionManager.Initialize: waiting for connection with timeout: 90 seconds
TpTrace Verbose: 0 : 84968, 4, 2022/03/15, 00:49:41.878, 3211607547616, vstest.console.dll, DataCollectionRequestSender.WaitForRequestHandlerConnection : Waiting for connection with timeout: 90000
TpTrace Information: 0 : 84968, 7, 2022/03/15, 00:49:42.111, 3211609876542, vstest.console.dll, Using the buffer size of 16384 bytes
TpTrace Information: 0 : 84968, 7, 2022/03/15, 00:49:42.111, 3211609877797, vstest.console.dll, Accepted Client request and set the flag
TpTrace Verbose: 0 : 84968, 4, 2022/03/15, 00:49:42.111, 3211609877048, vstest.console.dll, ProxyDataCollectionManager.InvokeDataCollectionServiceAction: Starting.
TpTrace Information: 0 : 84968, 4, 2022/03/15, 00:49:42.111, 3211609879255, vstest.console.dll, ProxyDataCollectionManager.BeforeTestRunStart: Get environment variable and port for datacollector processId: 54800 port: 57825
TpTrace Verbose: 0 : 84968, 4, 2022/03/15, 00:49:42.111, 3211609880565, vstest.console.dll, DataCollectionRequestSender.SendBeforeTestRunStartAndGetResult : Send BeforeTestRunStart message with settingsXml <RunSettings><RunConfiguration><ResultsDirectory>C:\Users\javier.mendoza\source\repos\public-internaltools-recruitment-be-test\SuperPanel.Testing\bin\Debug\net5.0\fine-code-coverage\coverage-tool-output</ResultsDirectory><TargetPlatform>X64</TargetPlatform><TargetFrameworkVersion>.NETCoreApp,Version=v5.0</TargetFrameworkVersion><DesignMode>False</DesignMode><CollectSourceInformation>False</CollectSourceInformation><TestAdaptersPaths>C:\Program Files\dotnet\sdk\5.0.402\Extensions</TestAdaptersPaths></RunConfiguration><LoggerRunSettings><Loggers><Logger friendlyName="blame" enabled="True" /><Logger friendlyName="Console" uri="logger://microsoft/TestPlatform/ConsoleLogger/v1" assemblyQualifiedName="Microsoft.VisualStudio.TestPlatform.CommandLine.Internal.ConsoleLogger, vstest.console, Version=15.0.0.0, Culture=neutral, PublicKeyToken=b03f5f7f11d50a3a" codeBase="C:\Program Files\dotnet\sdk\5.0.402\vstest.console.dll" enabled="True" /></Loggers></LoggerRunSettings><DataCollectionRunSettings><DataCollectors><DataCollector friendlyName="blame" enabled="True"><Configuration><ResultsDirectory>C:\Users\javier.mendoza\source\repos\public-internaltools-recruitment-be-test\SuperPanel.Testing\bin\Debug\net5.0\fine-code-coverage\coverage-tool-output</ResultsDirectory></Configuration></DataCollector></DataCollectors></DataCollectionRunSettings></RunSettings> and sources System.Linq.Enumerable+Concat2Iterator`1[System.String]: 
TpTrace Verbose: 0 : 84968, 4, 2022/03/15, 00:49:42.181, 3211610579817, vstest.console.dll, DataCollectionRequestSender.SendBeforeTestRunStartAndGetResult : Received message: (DataCollection.SendMessage) -> {
  "FriendlyName": null,
  "Uri": null,
  "TestCaseId": "00000000-0000-0000-0000-000000000000",
  "Message": "Logging DataCollector Diagnostics in file: C:\\Users\\javier.mendoza\\source\\repos\\public-internaltools-recruitment-be-test\\SuperPanel.Testing\\bin\\Debug\\net5.0\\fine-code-coverage\\coverage-tool-output\\diagnostics.datacollector.22-03-15_00-49-41_86324_4.log",
  "Level": 0
}
TpTrace Verbose: 0 : 84968, 4, 2022/03/15, 00:49:42.242, 3211611193855, vstest.console.dll, DataCollectionRequestSender.SendBeforeTestRunStartAndGetResult : Received message: (DataCollection.BeforeTestRunStartResult) -> {
  "EnvironmentVariables": {},
  "DataCollectionEventsPort": 57827
}
TpTrace Information: 0 : 84968, 4, 2022/03/15, 00:49:42.246, 3211611228527, vstest.console.dll, ProxyDataCollectionManager.BeforeTestRunStart: SendBeforeTestRunStartAndGetResult successful, env variable from datacollector:   and testhost port: 57827
TpTrace Information: 0 : 84968, 4, 2022/03/15, 00:49:42.246, 3211611229815, vstest.console.dll, ProxyDataCollectionManager.InvokeDataCollectionServiceAction: Completed.
TpTrace Verbose: 0 : 84968, 1, 2022/03/15, 00:49:42.246, 3211611231374, vstest.console.dll, TestRunRequest.ExecuteAsync: Creating test run request.
TpTrace Verbose: 0 : 84968, 1, 2022/03/15, 00:49:42.246, 3211611233879, vstest.console.dll, TestRunRequest.ExecuteAsync: Starting.
TpTrace Information: 0 : 84968, 1, 2022/03/15, 00:49:42.247, 3211611236285, vstest.console.dll, TestRunRequest.ExecuteAsync: Starting run with settings:TestRunCriteria:
   KeepAlive=False,FrequencyOfRunStatsChangeEvent=10,RunStatsChangeEventTimeout=00:00:01.5000000,TestCaseFilter=,TestExecutorLauncher=
   Settingsxml=<RunSettings>
  <RunConfiguration>
    <ResultsDirectory>C:\Users\javier.mendoza\source\repos\public-internaltools-recruitment-be-test\SuperPanel.Testing\bin\Debug\net5.0\fine-code-coverage\coverage-tool-output</ResultsDirectory>
    <TargetPlatform>X64</TargetPlatform>
    <TargetFrameworkVersion>.NETCoreApp,Version=v5.0</TargetFrameworkVersion>
    <DesignMode>False</DesignMode>
    <CollectSourceInformation>False</CollectSourceInformation>
  </RunConfiguration>
  <LoggerRunSettings>
    <Loggers>
      <Logger friendlyName="blame" enabled="True" />
      <Logger friendlyName="Console" uri="logger://microsoft/TestPlatform/ConsoleLogger/v1" assemblyQualifiedName="Microsoft.VisualStudio.TestPlatform.CommandLine.Internal.ConsoleLogger, vstest.console, Version=15.0.0.0, Culture=neutral, PublicKeyToken=b03f5f7f11d50a3a" codeBase="C:\Program Files\dotnet\sdk\5.0.402\vstest.console.dll" enabled="True" />
    </Loggers>
  </LoggerRunSettings>
  <DataCollectionRunSettings>
    <DataCollectors>
      <DataCollector friendlyName="blame" enabled="True">
        <Configuration>
          <ResultsDirectory>C:\Users\javier.mendoza\source\repos\public-internaltools-recruitment-be-test\SuperPanel.Testing\bin\Debug\net5.0\fine-code-coverage\coverage-tool-output</ResultsDirectory>
        </Configuration>
      </DataCollector>
    </DataCollectors>
  </DataCollectionRunSettings>
</RunSettings>

TpTrace Verbose: 0 : 84968, 1, 2022/03/15, 00:49:42.247, 3211611236804, vstest.console.dll, TestRunRequest.ExecuteAsync: Wait for the first run request is over.
TpTrace Verbose: 0 : 84968, 1, 2022/03/15, 00:49:42.247, 3211611240229, vstest.console.dll, ParallelProxyExecutionManager: Start execution. Total sources: 1
TpTrace Information: 0 : 84968, 1, 2022/03/15, 00:49:42.248, 3211611246280, vstest.console.dll, ProxyParallelExecutionManager: Triggering test run for next source: C:\Users\javier.mendoza\source\repos\public-internaltools-recruitment-be-test\SuperPanel.Testing\bin\Debug\net5.0\fine-code-coverage\build-output\SuperPanel.Testing.dll
TpTrace Verbose: 0 : 84968, 6, 2022/03/15, 00:49:42.248, 3211611247787, vstest.console.dll, ParallelProxyExecutionManager: Execution started. Started clients: 1
TpTrace Verbose: 0 : 84968, 1, 2022/03/15, 00:49:42.248, 3211611248166, vstest.console.dll, ProxyParallelExecutionManager: No sources available for execution.
TpTrace Information: 0 : 84968, 1, 2022/03/15, 00:49:42.248, 3211611248765, vstest.console.dll, TestRunRequest.ExecuteAsync: Started.
TpTrace Verbose: 0 : 84968, 1, 2022/03/15, 00:49:42.248, 3211611249477, vstest.console.dll, TestRunRequest.WaitForCompletion: Waiting with timeout -1.
TpTrace Verbose: 0 : 84968, 6, 2022/03/15, 00:49:42.248, 3211611249933, vstest.console.dll, TestRunRequest:SendTestRunMessage: Starting.
TpTrace Information: 0 : 84968, 6, 2022/03/15, 00:49:42.248, 3211611250925, vstest.console.dll, TestRunRequest:SendTestRunMessage: Completed.
TpTrace Verbose: 0 : 84968, 6, 2022/03/15, 00:49:42.248, 3211611252480, vstest.console.dll, ProxyExecutionManager: Test host is always Lazy initialize.
TpTrace Verbose: 0 : 84968, 6, 2022/03/15, 00:49:42.249, 3211611255246, vstest.console.dll, TestRequestSender.InitializeCommunication: initialize communication. 
TpTrace Information: 0 : 84968, 6, 2022/03/15, 00:49:42.249, 3211611261236, vstest.console.dll, SocketServer.Start: Listening on endpoint : 127.0.0.1:57828
TpTrace Verbose: 0 : 84968, 6, 2022/03/15, 00:49:42.250, 3211611268322, vstest.console.dll, DotnetTestHostmanager: Adding  --runtimeconfig "C:\Users\javier.mendoza\source\repos\public-internaltools-recruitment-be-test\SuperPanel.Testing\bin\Debug\net5.0\fine-code-coverage\build-output\SuperPanel.Testing.runtimeconfig.json" in args
TpTrace Verbose: 0 : 84968, 6, 2022/03/15, 00:49:42.250, 3211611269472, vstest.console.dll, DotnetTestHostmanager: Adding  --depsfile "C:\Users\javier.mendoza\source\repos\public-internaltools-recruitment-be-test\SuperPanel.Testing\bin\Debug\net5.0\fine-code-coverage\build-output\SuperPanel.Testing.deps.json" in args
TpTrace Verbose: 0 : 84968, 6, 2022/03/15, 00:49:42.250, 3211611271232, vstest.console.dll, DotnetTestHostManager: Testhost.exe/testhost.x86.exe found at path: C:\Users\javier.mendoza\source\repos\public-internaltools-recruitment-be-test\SuperPanel.Testing\bin\Debug\net5.0\fine-code-coverage\build-output\testhost.exe
TpTrace Verbose: 0 : 84968, 6, 2022/03/15, 00:49:42.250, 3211611271735, vstest.console.dll, DotnetTestHostmanager: Full path of host exe is C:\Users\javier.mendoza\source\repos\public-internaltools-recruitment-be-test\SuperPanel.Testing\bin\Debug\net5.0\fine-code-coverage\build-output\testhost.exe
TpTrace Verbose: 0 : 84968, 4, 2022/03/15, 00:49:42.251, 3211611278992, vstest.console.dll, DotnetTestHostManager: Starting process 'C:\Users\javier.mendoza\source\repos\public-internaltools-recruitment-be-test\SuperPanel.Testing\bin\Debug\net5.0\fine-code-coverage\build-output\testhost.exe' with command line ' --runtimeconfig "C:\Users\javier.mendoza\source\repos\public-internaltools-recruitment-be-test\SuperPanel.Testing\bin\Debug\net5.0\fine-code-coverage\build-output\SuperPanel.Testing.runtimeconfig.json" --depsfile "C:\Users\javier.mendoza\source\repos\public-internaltools-recruitment-be-test\SuperPanel.Testing\bin\Debug\net5.0\fine-code-coverage\build-output\SuperPanel.Testing.deps.json" --port 57828 --endpoint 127.0.0.1:057828 --role client --parentprocessid 84968 --diag "C:\Users\javier.mendoza\source\repos\public-internaltools-recruitment-be-test\SuperPanel.Testing\bin\Debug\net5.0\fine-code-coverage\coverage-tool-output\diagnostics.host.22-03-15_00-49-42_24998_6.log" --tracelevel 4 --datacollectionport 57827 --telemetryoptedin false'
TpTrace Verbose: 0 : 84968, 4, 2022/03/15, 00:49:42.289, 3211611664762, vstest.console.dll, Test Runtime launched
TpTrace Verbose: 0 : 84968, 6, 2022/03/15, 00:49:42.290, 3211611672904, vstest.console.dll, TestRequestSender.WaitForRequestHandlerConnection: waiting for connection with timeout: 90000
TpTrace Verbose: 0 : 84968, 14, 2022/03/15, 00:49:42.519, 3211613960246, vstest.console.dll, SocketServer.OnClientConnected: Client connected for endPoint: 127.0.0.1:57828, starting MessageLoopAsync:
TpTrace Verbose: 0 : 84968, 4, 2022/03/15, 00:49:42.519, 3211613962639, vstest.console.dll, TcpClientExtensions.MessageLoopAsync: Polling on remoteEndPoint: 127.0.0.1:57829 localEndPoint: 127.0.0.1:57828
TpTrace Verbose: 0 : 84968, 4, 2022/03/15, 00:49:42.632, 3211615088330, vstest.console.dll, TcpClientExtensions.MessageLoopAsync: NotifyDataAvailable remoteEndPoint: 127.0.0.1:57829 localEndPoint: 127.0.0.1:57828
TpTrace Verbose: 0 : 84968, 4, 2022/03/15, 00:49:42.632, 3211615090528, vstest.console.dll, TestRequestSender.CheckVersionWithTestHost: onMessageReceived received message: (ProtocolVersion) -> 5
TpTrace Verbose: 0 : 84968, 4, 2022/03/15, 00:49:42.632, 3211615093260, vstest.console.dll, TcpClientExtensions.MessageLoopAsync: Polling on remoteEndPoint: 127.0.0.1:57829 localEndPoint: 127.0.0.1:57828
TpTrace Verbose: 0 : 84968, 6, 2022/03/15, 00:49:42.632, 3211615094247, vstest.console.dll, TestPluginCache.GetExtensionPaths: Filtered extension paths: 
TpTrace Verbose: 0 : 84968, 6, 2022/03/15, 00:49:42.632, 3211615094856, vstest.console.dll, TestPluginCache.GetExtensionPaths: Added default extension paths: C:\Program Files\dotnet\sdk\5.0.402\Extensions\Microsoft.Diagnostics.NETCore.Client.dll
C:\Program Files\dotnet\sdk\5.0.402\Extensions\Microsoft.TestPlatform.Extensions.BlameDataCollector.dll
C:\Program Files\dotnet\sdk\5.0.402\Extensions\Microsoft.TestPlatform.Extensions.EventLogCollector.dll
C:\Program Files\dotnet\sdk\5.0.402\Extensions\Microsoft.TestPlatform.TestHostRuntimeProvider.dll
C:\Program Files\dotnet\sdk\5.0.402\Extensions\Microsoft.VisualStudio.TestPlatform.Extensions.Html.TestLogger.dll
C:\Program Files\dotnet\sdk\5.0.402\Extensions\Microsoft.VisualStudio.TestPlatform.Extensions.Trx.TestLogger.dll
TpTrace Verbose: 0 : 84968, 6, 2022/03/15, 00:49:42.633, 3211615095208, vstest.console.dll, TestPluginCache.GetExtensionPaths: Added unfilterableExtensionPaths: 
TpTrace Verbose: 0 : 84968, 6, 2022/03/15, 00:49:42.635, 3211615118553, vstest.console.dll, TestRequestSender.InitializeExecution: Sending initializing execution with message: {"Version":5,"MessageType":"TestExecution.Initialize","Payload":["C:\\Users\\javier.mendoza\\source\\repos\\public-internaltools-recruitment-be-test\\SuperPanel.Testing\\bin\\Debug\\net5.0\\fine-code-coverage\\build-output\\NUnit3.TestAdapter.dll"]}
TpTrace Verbose: 0 : 84968, 4, 2022/03/15, 00:49:42.639, 3211615164788, vstest.console.dll, TcpClientExtensions.MessageLoopAsync: NotifyDataAvailable remoteEndPoint: 127.0.0.1:57829 localEndPoint: 127.0.0.1:57828
TpTrace Verbose: 0 : 84968, 4, 2022/03/15, 00:49:42.640, 3211615165997, vstest.console.dll, TestRequestSender.OnExecutionMessageReceived: Received message: {"Version":5,"MessageType":"TestSession.Message","Payload":{"MessageLevel":0,"Message":"Logging TestHost Diagnostics in file: C:\\Users\\javier.mendoza\\source\\repos\\public-internaltools-recruitment-be-test\\SuperPanel.Testing\\bin\\Debug\\net5.0\\fine-code-coverage\\coverage-tool-output\\diagnostics.host.22-03-15_00-49-42_24998_6.log"}}
TpTrace Verbose: 0 : 84968, 6, 2022/03/15, 00:49:42.640, 3211615173183, vstest.console.dll, TestRequestSender.StartTestRun: Sending test run with message: {"Version":5,"MessageType":"TestExecution.StartWithSources","Payload":{"AdapterSourceMap":{"_none_":["C:\\Users\\javier.mendoza\\source\\repos\\public-internaltools-recruitment-be-test\\SuperPanel.Testing\\bin\\Debug\\net5.0\\fine-code-coverage\\build-output\\SuperPanel.Testing.dll"]},"RunSettings":"<RunSettings>\r\n  <RunConfiguration>\r\n    <ResultsDirectory>C:\\Users\\javier.mendoza\\source\\repos\\public-internaltools-recruitment-be-test\\SuperPanel.Testing\\bin\\Debug\\net5.0\\fine-code-coverage\\coverage-tool-output</ResultsDirectory>\r\n    <TargetPlatform>X64</TargetPlatform>\r\n    <TargetFrameworkVersion>.NETCoreApp,Version=v5.0</TargetFrameworkVersion>\r\n    <DesignMode>False</DesignMode>\r\n    <CollectSourceInformation>False</CollectSourceInformation>\r\n  </RunConfiguration>\r\n  <LoggerRunSettings>\r\n    <Loggers>\r\n      <Logger friendlyName=\"blame\" enabled=\"True\" />\r\n      <Logger friendlyName=\"Console\" uri=\"logger://microsoft/TestPlatform/ConsoleLogger/v1\" assemblyQualifiedName=\"Microsoft.VisualStudio.TestPlatform.CommandLine.Internal.ConsoleLogger, vstest.console, Version=15.0.0.0, Culture=neutral, PublicKeyToken=b03f5f7f11d50a3a\" codeBase=\"C:\\Program Files\\dotnet\\sdk\\5.0.402\\vstest.console.dll\" enabled=\"True\" />\r\n    </Loggers>\r\n  </LoggerRunSettings>\r\n  <DataCollectionRunSettings>\r\n    <DataCollectors>\r\n      <DataCollector friendlyName=\"blame\" enabled=\"True\">\r\n        <Configuration>\r\n          <ResultsDirectory>C:\\Users\\javier.mendoza\\source\\repos\\public-internaltools-recruitment-be-test\\SuperPanel.Testing\\bin\\Debug\\net5.0\\fine-code-coverage\\coverage-tool-output</ResultsDirectory>\r\n        </Configuration>\r\n      </DataCollector>\r\n    </DataCollectors>\r\n  </DataCollectionRunSettings>\r\n</RunSettings>","TestExecutionContext":{"FrequencyOfRunStatsChangeEvent":10,"RunStatsChangeEventTimeout":"00:00:01.5000000","InIsolation":false,"KeepAlive":false,"AreTestCaseLevelEventsRequired":false,"IsDebug":false,"TestCaseFilter":null,"FilterOptions":null},"Package":null}}
TpTrace Verbose: 0 : 84968, 4, 2022/03/15, 00:49:42.643, 3211615204145, vstest.console.dll, TestRunRequest:SendTestRunMessage: Starting.
TpTrace Information: 0 : 84968, 4, 2022/03/15, 00:49:42.644, 3211615205049, vstest.console.dll, TestRunRequest:SendTestRunMessage: Completed.
TpTrace Verbose: 0 : 84968, 4, 2022/03/15, 00:49:42.644, 3211615205438, vstest.console.dll, TcpClientExtensions.MessageLoopAsync: Polling on remoteEndPoint: 127.0.0.1:57829 localEndPoint: 127.0.0.1:57828
TpTrace Verbose: 0 : 84968, 4, 2022/03/15, 00:49:42.763, 3211616395572, vstest.console.dll, TcpClientExtensions.MessageLoopAsync: NotifyDataAvailable remoteEndPoint: 127.0.0.1:57829 localEndPoint: 127.0.0.1:57828
TpTrace Verbose: 0 : 84968, 4, 2022/03/15, 00:49:42.763, 3211616396685, vstest.console.dll, TestRequestSender.OnExecutionMessageReceived: Received message: {"Version":5,"MessageType":"TestSession.Message","Payload":{"MessageLevel":0,"Message":"NUnit Adapter 3.17.0.0: Test execution started"}}
TpTrace Verbose: 0 : 84968, 4, 2022/03/15, 00:49:42.763, 3211616398418, vstest.console.dll, TestRunRequest:SendTestRunMessage: Starting.
TpTrace Information: 0 : 84968, 4, 2022/03/15, 00:49:42.763, 3211616398921, vstest.console.dll, TestRunRequest:SendTestRunMessage: Completed.
TpTrace Verbose: 0 : 84968, 4, 2022/03/15, 00:49:42.763, 3211616399263, vstest.console.dll, TcpClientExtensions.MessageLoopAsync: Polling on remoteEndPoint: 127.0.0.1:57829 localEndPoint: 127.0.0.1:57828
TpTrace Verbose: 0 : 84968, 4, 2022/03/15, 00:49:42.789, 3211616656370, vstest.console.dll, TcpClientExtensions.MessageLoopAsync: NotifyDataAvailable remoteEndPoint: 127.0.0.1:57829 localEndPoint: 127.0.0.1:57828
TpTrace Verbose: 0 : 84968, 4, 2022/03/15, 00:49:42.789, 3211616657609, vstest.console.dll, TestRequestSender.OnExecutionMessageReceived: Received message: {"Version":5,"MessageType":"TestSession.Message","Payload":{"MessageLevel":0,"Message":"Running all tests in C:\\Users\\javier.mendoza\\source\\repos\\public-internaltools-recruitment-be-test\\SuperPanel.Testing\\bin\\Debug\\net5.0\\fine-code-coverage\\build-output\\SuperPanel.Testing.dll"}}
TpTrace Verbose: 0 : 84968, 4, 2022/03/15, 00:49:42.789, 3211616659165, vstest.console.dll, TestRunRequest:SendTestRunMessage: Starting.
TpTrace Information: 0 : 84968, 4, 2022/03/15, 00:49:42.789, 3211616659689, vstest.console.dll, TestRunRequest:SendTestRunMessage: Completed.
TpTrace Verbose: 0 : 84968, 4, 2022/03/15, 00:49:42.789, 3211616660031, vstest.console.dll, TcpClientExtensions.MessageLoopAsync: Polling on remoteEndPoint: 127.0.0.1:57829 localEndPoint: 127.0.0.1:57828
TpTrace Verbose: 0 : 84968, 4, 2022/03/15, 00:49:42.968, 3211618449711, vstest.console.dll, TcpClientExtensions.MessageLoopAsync: NotifyDataAvailable remoteEndPoint: 127.0.0.1:57829 localEndPoint: 127.0.0.1:57828
TpTrace Verbose: 0 : 84968, 4, 2022/03/15, 00:49:42.968, 3211618450686, vstest.console.dll, TestRequestSender.OnExecutionMessageReceived: Received message: {"Version":5,"MessageType":"TestSession.Message","Payload":{"MessageLevel":0,"Message":"   NUnit3TestExecutor discovered 3 of 3 NUnit test cases"}}
TpTrace Verbose: 0 : 84968, 4, 2022/03/15, 00:49:42.968, 3211618452718, vstest.console.dll, TestRunRequest:SendTestRunMessage: Starting.
TpTrace Information: 0 : 84968, 4, 2022/03/15, 00:49:42.968, 3211618453210, vstest.console.dll, TestRunRequest:SendTestRunMessage: Completed.
TpTrace Verbose: 0 : 84968, 4, 2022/03/15, 00:49:42.968, 3211618453527, vstest.console.dll, TcpClientExtensions.MessageLoopAsync: Polling on remoteEndPoint: 127.0.0.1:57829 localEndPoint: 127.0.0.1:57828
TpTrace Verbose: 0 : 84968, 4, 2022/03/15, 00:49:43.371, 3211622484345, vstest.console.dll, TcpClientExtensions.MessageLoopAsync: NotifyDataAvailable remoteEndPoint: 127.0.0.1:57829 localEndPoint: 127.0.0.1:57828
TpTrace Verbose: 0 : 84968, 4, 2022/03/15, 00:49:43.372, 3211622485466, vstest.console.dll, TestRequestSender.OnExecutionMessageReceived: Received message: {"Version":5,"MessageType":"TestSession.Message","Payload":{"MessageLevel":0,"Message":"NUnit Adapter 3.17.0.0: Test execution complete"}}
TpTrace Verbose: 0 : 84968, 4, 2022/03/15, 00:49:43.372, 3211622488119, vstest.console.dll, TestRunRequest:SendTestRunMessage: Starting.
TpTrace Information: 0 : 84968, 4, 2022/03/15, 00:49:43.372, 3211622488750, vstest.console.dll, TestRunRequest:SendTestRunMessage: Completed.
TpTrace Verbose: 0 : 84968, 4, 2022/03/15, 00:49:43.372, 3211622489096, vstest.console.dll, TcpClientExtensions.MessageLoopAsync: Polling on remoteEndPoint: 127.0.0.1:57829 localEndPoint: 127.0.0.1:57828
TpTrace Verbose: 0 : 84968, 4, 2022/03/15, 00:49:43.411, 3211622877317, vstest.console.dll, TcpClientExtensions.MessageLoopAsync: NotifyDataAvailable remoteEndPoint: 127.0.0.1:57829 localEndPoint: 127.0.0.1:57828
TpTrace Verbose: 0 : 84968, 4, 2022/03/15, 00:49:43.411, 3211622878703, vstest.console.dll, TestRequestSender.OnExecutionMessageReceived: Received message: {"Version":5,"MessageType":"TestExecution.Completed","Payload":{"TestRunCompleteArgs":{"TestRunStatistics":{"ExecutedTests":3,"Stats":{"Failed":1,"Passed":2}},"IsCanceled":false,"IsAborted":false,"Error":null,"AttachmentSets":[],"ElapsedTimeInRunningTests":"00:00:00.6298406","Metrics":{}},"LastRunTests":{"NewTestResults":[{"TestCase":{"Id":"56da092e-a973-c66d-b506-5b55842cbef8","FullyQualifiedName":"SuperPanel.Testing.DataProvider.UserRepositoryTests.QueryAll_Success_Return_Count","DisplayName":"QueryAll_Success_Return_Count","ExecutorUri":"executor://NUnit3TestExecutor","Source":"C:\\Users\\javier.mendoza\\source\\repos\\public-internaltools-recruitment-be-test\\SuperPanel.Testing\\bin\\Debug\\net5.0\\fine-code-coverage\\build-output\\SuperPanel.Testing.dll","CodeFilePath":null,"LineNumber":0,"Properties":[]},"Attachments":[],"Outcome":2,"ErrorMessage":"System.IO.DirectoryNotFoundException : Could not find a part of the path 'C:\\Users\\javier.mendoza\\source\\repos\\public-internaltools-recruitment-be-test\\SuperPanel.Testing\\bin\\data\\users.json'.","ErrorStackTrace":"   at System.IO.FileStream.ValidateFileHandle(SafeFileHandle fileHandle)\r\n   at System.IO.FileStream.CreateFileOpenHandle(FileMode mode, FileShare share, FileOptions options)\r\n   at System.IO.FileStream..ctor(String path, FileMode mode, FileAccess access, FileShare share, Int32 bufferSize, FileOptions options)\r\n   at System.IO.StreamReader.ValidateArgsAndOpenPath(String path, Encoding encoding, Int32 bufferSize)\r\n   at System.IO.StreamReader..ctor(String path, Encoding encoding, Boolean detectEncodingFromByteOrderMarks)\r\n   at System.IO.File.InternalReadAllText(String path, Encoding encoding)\r\n   at System.IO.File.ReadAllText(String path)\r\n   at SuperPanel.DataProvider.UserRepository.GetUsersFromFile() in C:\\Users\\javier.mendoza\\source\\repos\\public-internaltools-recruitment-be-test\\SuperPanel.DataProvider\\UserRepository.cs:line 50\r\n   at SuperPanel.DataProvider.UserRepository.QueryAll() in C:\\Users\\javier.mendoza\\source\\repos\\public-internaltools-recruitment-be-test\\SuperPanel.DataProvider\\UserRepository.cs:line 34\r\n   at SuperPanel.Testing.DataProvider.UserRepositoryTests.QueryAll_Success_Return_Count() in C:\\Users\\javier.mendoza\\source\\repos\\public-internaltools-recruitment-be-test\\SuperPanel.Testing\\DataProvider\\UserRepositoryTests.cs:line 56","DisplayName":"QueryAll_Success_Return_Count","Messages":[],"ComputerName":"LIM-LP1846","Duration":"00:00:00.2919310","StartTime":"2022-03-15T05:49:42.9946502+00:00","EndTime":"2022-03-15T05:49:43.2865055+00:00","Properties":[]},{"TestCase":{"Id":"493ca1b7-e652-732f-79fd-c761c34a08a9","FullyQualifiedName":"SuperPanel.Testing.DataProvider.UserRepositoryTests.QueryAll_Success_Return_Empty","DisplayName":"QueryAll_Success_Return_Empty","ExecutorUri":"executor://NUnit3TestExecutor","Source":"C:\\Users\\javier.mendoza\\source\\repos\\public-internaltools-recruitment-be-test\\SuperPanel.Testing\\bin\\Debug\\net5.0\\fine-code-coverage\\build-output\\SuperPanel.Testing.dll","CodeFilePath":null,"LineNumber":0,"Properties":[]},"Attachments":[],"Outcome":1,"ErrorMessage":null,"ErrorStackTrace":null,"DisplayName":"QueryAll_Success_Return_Empty","Messages":[],"ComputerName":"LIM-LP1846","Duration":"00:00:00.0109540","StartTime":"2022-03-15T05:49:43.2884149+00:00","EndTime":"2022-03-15T05:49:43.2993686+00:00","Properties":[]},{"TestCase":{"Id":"72db2e0f-0a76-7c60-6735-bd31844626df","FullyQualifiedName":"SuperPanel.Testing.Engines.DataServiceTests.GetPageListFromUsers_Success","DisplayName":"GetPageListFromUsers_Success","ExecutorUri":"executor://NUnit3TestExecutor","Source":"C:\\Users\\javier.mendoza\\source\\repos\\public-internaltools-recruitment-be-test\\SuperPanel.Testing\\bin\\Debug\\net5.0\\fine-code-coverage\\build-output\\SuperPanel.Testing.dll","CodeFilePath":null,"LineNumber":0,"Properties":[]},"Attachments":[],"Outcome":1,"ErrorMessage":null,"ErrorStackTrace":null,"DisplayName":"GetPageListFromUsers_Success","Messages":[],"ComputerName":"LIM-LP1846","Duration":"00:00:00.0660130","StartTime":"2022-03-15T05:49:43.301286+00:00","EndTime":"2022-03-15T05:49:43.3672978+00:00","Properties":[]}],"TestRunStatistics":{"ExecutedTests":3,"Stats":{"Failed":1,"Passed":2}},"ActiveTests":[]},"RunAttachments":[],"ExecutorUris":["executor://nunit3testexecutor/"]}}
TpTrace Verbose: 0 : 84968, 4, 2022/03/15, 00:49:43.414, 3211622911744, vstest.console.dll, TestRequestSender.EndSession: Sending end session.
TpTrace Verbose: 0 : 84968, 4, 2022/03/15, 00:49:43.414, 3211622913114, vstest.console.dll, ProxyOperationManager.Close: waiting for test host to exit for 100 ms
TpTrace Warning: 0 : 84968, 12, 2022/03/15, 00:49:43.434, 3211623105590, vstest.console.dll, TestHostManagerCallbacks.ErrorReceivedCallback Test host standard error line: 
TpTrace Verbose: 0 : 84968, 7, 2022/03/15, 00:49:43.440, 3211623169476, vstest.console.dll, TestHostProvider.ExitCallBack: Host exited starting callback.
TpTrace Information: 0 : 84968, 7, 2022/03/15, 00:49:43.440, 3211623174355, vstest.console.dll, TestHostManagerCallbacks.ExitCallBack: Testhost processId: 67360 exited with exitcode: 0 error: ''
TpTrace Verbose: 0 : 84968, 7, 2022/03/15, 00:49:43.441, 3211623174968, vstest.console.dll, DotnetTestHostManager.OnHostExited: invoking OnHostExited callback
TpTrace Verbose: 0 : 84968, 7, 2022/03/15, 00:49:43.441, 3211623175578, vstest.console.dll, CrossPlatEngine.TestHostManagerHostExited: calling on client process exit callback.
TpTrace Information: 0 : 84968, 7, 2022/03/15, 00:49:43.441, 3211623176246, vstest.console.dll, TestRequestSender.OnClientProcessExit: Test host process exited. Standard error: 
TpTrace Warning: 0 : 84968, 4, 2022/03/15, 00:49:43.441, 3211623176566, vstest.console.dll, ProxyOperationManager: Timed out waiting for test host to exit. Will terminate process.
TpTrace Information: 0 : 84968, 7, 2022/03/15, 00:49:43.441, 3211623176856, vstest.console.dll, SocketServer.Stop: Stop server endPoint: 127.0.0.1:57828
TpTrace Information: 0 : 84968, 7, 2022/03/15, 00:49:43.441, 3211623178309, vstest.console.dll, SocketServer.Stop: Cancellation requested. Stopping message loop.
TpTrace Verbose: 0 : 84968, 4, 2022/03/15, 00:49:43.441, 3211623182356, vstest.console.dll, ProxyDataCollectionManager.InvokeDataCollectionServiceAction: Starting.
TpTrace Information: 0 : 84968, 4, 2022/03/15, 00:49:43.441, 3211623182876, vstest.console.dll, ProxyDataCollectionManager.AfterTestRunEnd: Get attachment set for datacollector processId: 54800 port: 57825
TpTrace Verbose: 0 : 84968, 4, 2022/03/15, 00:49:43.441, 3211623183343, vstest.console.dll, DataCollectionRequestSender.SendAfterTestRunStartAndGetResult : Send AfterTestRunEnd message with isCancelled: False
TpTrace Verbose: 0 : 84968, 4, 2022/03/15, 00:49:43.444, 3211623213031, vstest.console.dll, DataCollectionRequestSender.SendAfterTestRunStartAndGetResult : Received message: (DataCollection.AfterTestRunEndResult) -> {
  "AttachmentSets": [],
  "Metrics": {}
}
TpTrace Information: 0 : 84968, 4, 2022/03/15, 00:49:43.447, 3211623241941, vstest.console.dll, ProxyDataCollectionManager.InvokeDataCollectionServiceAction: Completed.
TpTrace Warning: 0 : 84968, 9, 2022/03/15, 00:49:43.449, 3211623262402, vstest.console.dll, DataCollectionLauncher.ErrorReceivedCallback datacollector standard error line: 
TpTrace Information: 0 : 84968, 7, 2022/03/15, 00:49:43.453, 3211623297081, vstest.console.dll, DataCollectionLauncher.ExitCallBack: Data collector exited with exitcode: 0 error: ''
TpTrace Verbose: 0 : 84968, 4, 2022/03/15, 00:49:43.480, 3211623573968, vstest.console.dll, TestRunRequest:SendTestRunStatsChange: Starting.
TpTrace Information: 0 : 84968, 4, 2022/03/15, 00:49:43.481, 3211623575785, vstest.console.dll, TestRunRequest:SendTestRunStatsChange: Completed.
TpTrace Verbose: 0 : 84968, 4, 2022/03/15, 00:49:43.481, 3211623576988, vstest.console.dll, ParallelProxyExecutionManager: HandlePartialRunComplete: Total completed clients = 1, Run complete = True, Run canceled: False.
TpTrace Verbose: 0 : 84968, 4, 2022/03/15, 00:49:43.499, 3211623755729, vstest.console.dll, TestRunRequest:TestRunComplete: Starting. IsAborted:False IsCanceled:False.
TpTrace Verbose: 0 : 84968, 4, 2022/03/15, 00:49:43.499, 3211623757612, vstest.console.dll, TestLoggerManager.HandleTestRunComplete: Ignoring as the object is disposed.
TpTrace Information: 0 : 84968, 4, 2022/03/15, 00:49:43.499, 3211623759646, vstest.console.dll, TestRunRequest:TestRunComplete: Completed.
TpTrace Verbose: 0 : 84968, 1, 2022/03/15, 00:49:43.499, 3211623759889, vstest.console.dll, TestRunRequest.Dispose: Starting.
TpTrace Verbose: 0 : 84968, 4, 2022/03/15, 00:49:43.499, 3211623760249, vstest.console.dll, TestRequestSender.SetOperationComplete: Setting operation complete.
TpTrace Information: 0 : 84968, 1, 2022/03/15, 00:49:43.499, 3211623760910, vstest.console.dll, TestRunRequest.Dispose: Completed.
TpTrace Information: 0 : 84968, 1, 2022/03/15, 00:49:43.499, 3211623761839, vstest.console.dll, TestRequestManager.RunTests: run tests completed.
TpTrace Information: 0 : 84968, 4, 2022/03/15, 00:49:43.499, 3211623761303, vstest.console.dll, SocketServer.Stop: Stop server endPoint: 127.0.0.1:57828
TpTrace Information: 0 : 84968, 1, 2022/03/15, 00:49:43.499, 3211623762715, vstest.console.dll, RunTestsArgumentProcessor:Execute: Test run is completed.
TpTrace Information: 0 : 84968, 4, 2022/03/15, 00:49:43.499, 3211623763182, vstest.console.dll, SocketServer.Stop: Cancellation requested. Stopping message loop.
TpTrace Information: 0 : 84968, 4, 2022/03/15, 00:49:43.499, 3211623764217, vstest.console.dll, SocketServer.PrivateStop: Stop server endPoint: 127.0.0.1:57828 error: 
TpTrace Verbose: 0 : 84968, 1, 2022/03/15, 00:49:43.499, 3211623764680, vstest.console.dll, Executor.Execute: Exiting with exit code of 1
